This is pdfTeX, Version 3.14159265-2.6-1.40.21 (MiKTeX 2.9.7380 64-bit) (preloaded format=pdflatex 2020.4.11)  4 MAY 2020 13:01
entering extended mode
**c:/Users/Arthur/Documents/GitHub/cosy_cafeteria/Report/Report.tex
(c:/Users/Arthur/Documents/GitHub/cosy_cafeteria/Report/Report.tex
LaTeX2e <2020-02-02> patch level 5
L3 programming layer <2020-03-06> (D:\Programma's\MikTEX\tex/latex/base\article.cls
Document Class: article 2019/12/20 v1.4l Standard LaTeX document class
(D:\Programma's\MikTEX\tex/latex/base\size11.clo
File: size11.clo 2019/12/20 v1.4l Standard LaTeX file (size option)
)
\c@part=\count167
\c@section=\count168
\c@subsection=\count169
\c@subsubsection=\count170
\c@paragraph=\count171
\c@subparagraph=\count172
\c@figure=\count173
\c@table=\count174
\abovecaptionskip=\skip47
\belowcaptionskip=\skip48
\bibindent=\dimen134
) (D:\Programma's\MikTEX\tex/latex/siunitx\siunitx.sty (D:\Programma's\MikTEX\tex/latex/l3kernel\expl3.sty
Package: expl3 2020-03-06 L3 programming layer (loader) 
 (D:\Programma's\MikTEX\tex/latex/l3backend\l3backend-pdfmode.def
File: l3backend-pdfmode.def 2020-03-12 L3 backend support: PDF mode
\l__kernel_color_stack_int=\count175
\l__pdf_internal_box=\box45
)) (D:\Programma's\MikTEX\tex/latex/l3packages/xparse\xparse.sty
Package: xparse 2020-03-06 L3 Experimental document command parser
\l__xparse_current_arg_int=\count176
\g__xparse_grabber_int=\count177
\l__xparse_m_args_int=\count178
\l__xparse_v_nesting_int=\count179
)
Package: siunitx 2020/02/25 v2.8b A comprehensive (SI) units package
 (D:\Programma's\MikTEX\tex/latex/amsmath\amstext.sty
Package: amstext 2000/06/29 v2.01 AMS text
 (D:\Programma's\MikTEX\tex/latex/amsmath\amsgen.sty
File: amsgen.sty 1999/11/30 v2.0 generic functions
\@emptytoks=\toks15
\ex@=\dimen135
)) (D:\Programma's\MikTEX\tex/latex/tools\array.sty
Package: array 2019/08/31 v2.4l Tabular extension package (FMi)
\col@sep=\dimen136
\ar@mcellbox=\box46
\extrarowheight=\dimen137
\NC@list=\toks16
\extratabsurround=\skip49
\backup@length=\skip50
\ar@cellbox=\box47
) (D:\Programma's\MikTEX\tex/latex/l3packages/l3keys2e\l3keys2e.sty
Package: l3keys2e 2020-03-06 LaTeX2e option processing using LaTeX3 keys
)
\l__siunitx_tmp_box=\box48
\l__siunitx_tmp_dim=\dimen138
\l__siunitx_tmp_int=\count180
\l__siunitx_number_mantissa_length_int=\count181
\l__siunitx_number_uncert_length_int=\count182
\l__siunitx_round_int=\count183
\l__siunitx_process_decimal_int=\count184
\l__siunitx_process_uncertainty_int=\count185
\l__siunitx_process_fixed_int=\count186
\l__siunitx_process_integer_min_int=\count187
\l__siunitx_process_precision_int=\count188
\l__siunitx_group_min_int=\count189
\l__siunitx_angle_marker_box=\box49
\l__siunitx_angle_unit_box=\box50
\l__siunitx_angle_marker_dim=\dimen139
\l__siunitx_angle_unit_dim=\dimen140
\l__siunitx_unit_int=\count190
\l__siunitx_unit_denominator_int=\count191
\l__siunitx_unit_numerator_int=\count192
\l__siunitx_unit_prefix_int=\count193
\l__siunitx_unit_prefix_base_int=\count194
\l__siunitx_unit_prefix_gram_int=\count195
\l__siunitx_number_product_int=\count196
\c__siunitx_one_fill_skip=\skip51
\l__siunitx_table_unit_align_skip=\skip52
\l__siunitx_table_exponent_dim=\dimen141
\l__siunitx_table_integer_dim=\dimen142
\l__siunitx_table_mantissa_dim=\dimen143
\l__siunitx_table_marker_dim=\dimen144
\l__siunitx_table_result_dim=\dimen145
\l__siunitx_table_uncert_dim=\dimen146
\l__siunitx_table_fill_pre_dim=\dimen147
\l__siunitx_table_fill_post_dim=\dimen148
\l__siunitx_table_fill_mid_dim=\dimen149
\l__siunitx_table_pre_box=\box51
\l__siunitx_table_post_box=\box52
\l__siunitx_table_mantissa_box=\box53
\l__siunitx_table_result_box=\box54
\l__siunitx_table_number_align_skip=\skip53
\l__siunitx_table_text_align_skip=\skip54
 (D:\Programma's\MikTEX\tex/latex/translator\translator.sty
Package: translator 2019-05-31 v1.12a Easy translation of strings in LaTeX
 (D:\Programma's\MikTEX\tex/latex/graphics\keyval.sty
Package: keyval 2014/10/28 v1.15 key=value parser (DPC)
\KV@toks@=\toks17
))) (D:\Programma's\MikTEX\tex/latex/hyperref\hyperref.sty
Package: hyperref 2020/01/14 v7.00d Hypertext links for LaTeX
 (D:\Programma's\MikTEX\tex/generic/ltxcmds\ltxcmds.sty
Package: ltxcmds 2019/12/15 v1.24 LaTeX kernel commands for general use (HO)
) (D:\Programma's\MikTEX\tex/generic/iftex\iftex.sty
Package: iftex 2020/03/06 v1.0d TeX engine tests
) (D:\Programma's\MikTEX\tex/latex/pdftexcmds\pdftexcmds.sty
Package: pdftexcmds 2019/11/24 v0.31 Utility functions of pdfTeX for LuaTeX (HO)
 (D:\Programma's\MikTEX\tex/generic/infwarerr\infwarerr.sty
Package: infwarerr 2019/12/03 v1.5 Providing info/warning/error messages (HO)
)
Package pdftexcmds Info: \pdf@primitive is available.
Package pdftexcmds Info: \pdf@ifprimitive is available.
Package pdftexcmds Info: \pdfdraftmode found.
) (D:\Programma's\MikTEX\tex/generic/kvsetkeys\kvsetkeys.sty
Package: kvsetkeys 2019/12/15 v1.18 Key value parser (HO)
) (D:\Programma's\MikTEX\tex/generic/kvdefinekeys\kvdefinekeys.sty
Package: kvdefinekeys 2019-12-19 v1.6 Define keys (HO)
) (D:\Programma's\MikTEX\tex/generic/pdfescape\pdfescape.sty
Package: pdfescape 2019/12/09 v1.15 Implements pdfTeX's escape features (HO)
) (D:\Programma's\MikTEX\tex/latex/hycolor\hycolor.sty
Package: hycolor 2020-01-27 v1.10 Color options for hyperref/bookmark (HO)
) (D:\Programma's\MikTEX\tex/latex/letltxmacro\letltxmacro.sty
Package: letltxmacro 2019/12/03 v1.6 Let assignment for LaTeX macros (HO)
) (D:\Programma's\MikTEX\tex/latex/auxhook\auxhook.sty
Package: auxhook 2019-12-17 v1.6 Hooks for auxiliary files (HO)
) (D:\Programma's\MikTEX\tex/latex/kvoptions\kvoptions.sty
Package: kvoptions 2019/11/29 v3.13 Key value format for package options (HO)
)
\@linkdim=\dimen150
\Hy@linkcounter=\count197
\Hy@pagecounter=\count198
 (D:\Programma's\MikTEX\tex/latex/hyperref\pd1enc.def
File: pd1enc.def 2020/01/14 v7.00d Hyperref: PDFDocEncoding definition (HO)
Now handling font encoding PD1 ...
... no UTF-8 mapping file for font encoding PD1
) (D:\Programma's\MikTEX\tex/generic/intcalc\intcalc.sty
Package: intcalc 2019/12/15 v1.3 Expandable calculations with integers (HO)
) (D:\Programma's\MikTEX\tex/generic/etexcmds\etexcmds.sty
Package: etexcmds 2019/12/15 v1.7 Avoid name clashes with e-TeX commands (HO)
)
\Hy@SavedSpaceFactor=\count199
Package hyperref Info: Hyper figures OFF on input line 4547.
Package hyperref Info: Link nesting OFF on input line 4552.
Package hyperref Info: Hyper index ON on input line 4555.
Package hyperref Info: Plain pages OFF on input line 4562.
Package hyperref Info: Backreferencing OFF on input line 4567.
Package hyperref Info: Implicit mode ON; LaTeX internals redefined.
Package hyperref Info: Bookmarks ON on input line 4800.
\c@Hy@tempcnt=\count266
 (D:\Programma's\MikTEX\tex/latex/url\url.sty
\Urlmuskip=\muskip16
Package: url 2013/09/16  ver 3.4  Verb mode for urls, etc.
)
LaTeX Info: Redefining \url on input line 5159.
\XeTeXLinkMargin=\dimen151
 (D:\Programma's\MikTEX\tex/generic/bitset\bitset.sty
Package: bitset 2019/12/09 v1.3 Handle bit-vector datatype (HO)
 (D:\Programma's\MikTEX\tex/generic/bigintcalc\bigintcalc.sty
Package: bigintcalc 2019/12/15 v1.5 Expandable calculations on big integers (HO)
))
\Fld@menulength=\count267
\Field@Width=\dimen152
\Fld@charsize=\dimen153
Package hyperref Info: Hyper figures OFF on input line 6430.
Package hyperref Info: Link nesting OFF on input line 6435.
Package hyperref Info: Hyper index ON on input line 6438.
Package hyperref Info: backreferencing OFF on input line 6445.
Package hyperref Info: Link coloring OFF on input line 6450.
Package hyperref Info: Link coloring with OCG OFF on input line 6455.
Package hyperref Info: PDF/A mode OFF on input line 6460.
LaTeX Info: Redefining \ref on input line 6500.
LaTeX Info: Redefining \pageref on input line 6504.
 (D:\Programma's\MikTEX\tex/generic/atbegshi\atbegshi.sty
Package: atbegshi 2019/12/05 v1.19 At begin shipout hook (HO)
)
\Hy@abspage=\count268
\c@Item=\count269
\c@Hfootnote=\count270
)
Package hyperref Info: Driver (autodetected): hpdftex.
 (D:\Programma's\MikTEX\tex/latex/hyperref\hpdftex.def
File: hpdftex.def 2020/01/14 v7.00d Hyperref driver for pdfTeX
 (D:\Programma's\MikTEX\tex/latex/atveryend\atveryend.sty
Package: atveryend 2019-12-11 v1.11 Hooks at the very end of document (HO)
Package atveryend Info: \enddocument detected (standard20110627).
)
\Fld@listcount=\count271
\c@bookmark@seq@number=\count272
 (D:\Programma's\MikTEX\tex/latex/rerunfilecheck\rerunfilecheck.sty
Package: rerunfilecheck 2019/12/05 v1.9 Rerun checks for auxiliary files (HO)
 (D:\Programma's\MikTEX\tex/generic/uniquecounter\uniquecounter.sty
Package: uniquecounter 2019/12/15 v1.4 Provide unlimited unique counter (HO)
)
Package uniquecounter Info: New unique counter `rerunfilecheck' on input line 286.
)
\Hy@SectionHShift=\skip55
) (D:\Programma's\MikTEX\tex/latex/glossaries/base\glossaries.sty
Package: glossaries 2020/03/19 v4.46 (NLCT)
 (D:\Programma's\MikTEX\tex/latex/base\ifthen.sty
Package: ifthen 2014/09/29 v1.1c Standard LaTeX ifthen package (DPC)
) (D:\Programma's\MikTEX\tex/latex/xkeyval\xkeyval.sty
Package: xkeyval 2014/12/03 v2.7a package option processing (HA)
 (D:\Programma's\MikTEX\tex/generic/xkeyval\xkeyval.tex (D:\Programma's\MikTEX\tex/generic/xkeyval\xkvutils.tex
\XKV@toks=\toks18
\XKV@tempa@toks=\toks19
)
\XKV@depth=\count273
File: xkeyval.tex 2014/12/03 v2.7a key=value parser (HA)
)) (D:\Programma's\MikTEX\tex/latex/mfirstuc\mfirstuc.sty
Package: mfirstuc 2017/11/14 v2.06 (NLCT)
 (D:\Programma's\MikTEX\tex/latex/etoolbox\etoolbox.sty
Package: etoolbox 2019/09/21 v2.5h e-TeX tools for LaTeX (JAW)
\etb@tempcnta=\count274
)
\@glsmfirst=\toks20
\@glsmrest=\toks21
) (D:\Programma's\MikTEX\tex/latex/textcase\textcase.sty
Package: textcase 2019/09/14 v1.00 Text only upper/lower case changing (DPC)
) (D:\Programma's\MikTEX\tex/latex/xfor\xfor.sty
Package: xfor 2009/02/05 v1.05 (NLCT)
) (D:\Programma's\MikTEX\tex/latex/datatool\datatool-base.sty
Package: datatool-base 2019/09/27 v2.32 (NLCT)
 (D:\Programma's\MikTEX\tex/latex/amsmath\amsmath.sty
Package: amsmath 2020/01/20 v2.17e AMS math features
\@mathmargin=\skip56

For additional information on amsmath, use the `?' option.
(D:\Programma's\MikTEX\tex/latex/amsmath\amsbsy.sty
Package: amsbsy 1999/11/29 v1.2d Bold Symbols
\pmbraise@=\dimen154
) (D:\Programma's\MikTEX\tex/latex/amsmath\amsopn.sty
Package: amsopn 2016/03/08 v2.02 operator names
)
\inf@bad=\count275
LaTeX Info: Redefining \frac on input line 227.
\uproot@=\count276
\leftroot@=\count277
LaTeX Info: Redefining \overline on input line 389.
\classnum@=\count278
\DOTSCASE@=\count279
LaTeX Info: Redefining \ldots on input line 486.
LaTeX Info: Redefining \dots on input line 489.
LaTeX Info: Redefining \cdots on input line 610.
\Mathstrutbox@=\box55
\strutbox@=\box56
\big@size=\dimen155
LaTeX Font Info:    Redeclaring font encoding OML on input line 733.
LaTeX Font Info:    Redeclaring font encoding OMS on input line 734.
\macc@depth=\count280
\c@MaxMatrixCols=\count281
\dotsspace@=\muskip17
\c@parentequation=\count282
\dspbrk@lvl=\count283
\tag@help=\toks22
\row@=\count284
\column@=\count285
\maxfields@=\count286
\andhelp@=\toks23
\eqnshift@=\dimen156
\alignsep@=\dimen157
\tagshift@=\dimen158
\tagwidth@=\dimen159
\totwidth@=\dimen160
\lineht@=\dimen161
\@envbody=\toks24
\multlinegap=\skip57
\multlinetaggap=\skip58
\mathdisplay@stack=\toks25
LaTeX Info: Redefining \[ on input line 2859.
LaTeX Info: Redefining \] on input line 2860.
) (D:\Programma's\MikTEX\tex/latex/substr\substr.sty
Package: substr 2009/10/20 v1.2 Handle substrings
\c@su@anzahl=\count287
) (D:\Programma's\MikTEX\tex/latex/datatool\datatool-fp.sty
Package: datatool-fp 2019/09/27 v2.32 (NLCT)
 (D:\Programma's\MikTEX\tex/latex/fp\fp.sty
Package: fp 1995/04/02
 `Fixed Point Package', Version 0.8, April 2, 1995 (C) Michael Mehlich (D:\Programma's\MikTEX\tex/latex/fp\defpattern.sty
Package: defpattern 1994/10/12
\actioncount=\count288
) (D:\Programma's\MikTEX\tex/latex/fp\fp-basic.sty
Package: fp-basic 1996/05/13
\FP@xs=\count289
\FP@xia=\count290
\FP@xib=\count291
\FP@xfa=\count292
\FP@xfb=\count293
\FP@rega=\count294
\FP@regb=\count295
\FP@regs=\count296
\FP@times=\count297
) (D:\Programma's\MikTEX\tex/latex/fp\fp-addons.sty
Package: fp-addons 1995/03/15
) (D:\Programma's\MikTEX\tex/latex/fp\fp-snap.sty
Package: fp-snap 1995/04/05
) (D:\Programma's\MikTEX\tex/latex/fp\fp-exp.sty
Package: fp-exp 1995/04/03
) (D:\Programma's\MikTEX\tex/latex/fp\fp-trigo.sty
Package: fp-trigo 1995/04/14
) (D:\Programma's\MikTEX\tex/latex/fp\fp-pas.sty
Package: fp-pas 1994/08/29
) (D:\Programma's\MikTEX\tex/latex/fp\fp-random.sty
Package: fp-random 1995/02/23
\FPseed=\count298
) (D:\Programma's\MikTEX\tex/latex/fp\fp-eqn.sty
Package: fp-eqn 1995/04/03
) (D:\Programma's\MikTEX\tex/latex/fp\fp-upn.sty
Package: fp-upn 1996/10/21
) (D:\Programma's\MikTEX\tex/latex/fp\fp-eval.sty
Package: fp-eval 1995/04/03
)))
\@dtl@toks=\toks26
\@dtl@tmpcount=\count299
\dtl@tmplength=\skip59
\dtl@sortresult=\count300
\@dtl@numgrpsepcount=\count301
\@dtl@datatype=\count302
\dtl@codeA=\count303
\dtl@codeB=\count304
\@dtl@foreach@level=\count305
) (D:\Programma's\MikTEX\tex/latex/glossaries/base\glossaries-compatible-307.sty
Package: glossaries-compatible-307 2020/03/19 v4.46 (NLCT)
) (D:\Programma's\MikTEX\tex/latex/tracklang\tracklang.sty
Package: tracklang 2019/11/30 v1.4 (NLCT) Track Languages
 (D:\Programma's\MikTEX\tex/generic/tracklang\tracklang.tex)) (D:\Programma's\MikTEX\tex/latex/glossaries-english\glossaries-english.ldf
File: glossaries-english.ldf 2014/11/23 v1.0
)
\gls@level=\count306
\@gls@tmpb=\toks27
\gls@tmplen=\skip60
\glskeylisttok=\toks28
\glslabeltok=\toks29
\glsshorttok=\toks30
\glslongtok=\toks31
 (D:\Programma's\MikTEX\tex/latex/glossaries/styles\glossary-hypernav.sty
Package: glossary-hypernav 2020/03/19 v4.46 (NLCT)
) (D:\Programma's\MikTEX\tex/latex/glossaries/styles\glossary-list.sty
Package: glossary-list 2020/03/19 v4.46 (NLCT)
\glslistdottedwidth=\skip61
) (D:\Programma's\MikTEX\tex/latex/glossaries/styles\glossary-long.sty
Package: glossary-long 2020/03/19 v4.46 (NLCT)
 (D:\Programma's\MikTEX\tex/latex/tools\longtable.sty
Package: longtable 2020/01/07 v4.13 Multi-page Table package (DPC)
\LTleft=\skip62
\LTright=\skip63
\LTpre=\skip64
\LTpost=\skip65
\LTchunksize=\count307
\LTcapwidth=\dimen162
\LT@head=\box57
\LT@firsthead=\box58
\LT@foot=\box59
\LT@lastfoot=\box60
\LT@cols=\count308
\LT@rows=\count309
\c@LT@tables=\count310
\c@LT@chunks=\count311
\LT@p@ftn=\toks32
)
\glsdescwidth=\skip66
\glspagelistwidth=\skip67
) (D:\Programma's\MikTEX\tex/latex/glossaries/styles\glossary-super.sty
Package: glossary-super 2020/03/19 v4.46 (NLCT)
 (D:\Programma's\MikTEX\tex/latex/supertabular\supertabular.sty
Package: supertabular 2020/02/02 v4.1g the supertabular environment
\c@tracingst=\count312
\ST@wd=\dimen163
\ST@rightskip=\skip68
\ST@leftskip=\skip69
\ST@parfillskip=\skip70
\ST@pageleft=\dimen164
\ST@headht=\dimen165
\ST@tailht=\dimen166
\ST@pagesofar=\dimen167
\ST@pboxht=\dimen168
\ST@lineht=\dimen169
\ST@prevht=\dimen170
\ST@toadd=\dimen171
\ST@dimen=\dimen172
\ST@pbox=\box61
)) (D:\Programma's\MikTEX\tex/latex/glossaries/styles\glossary-tree.sty
Package: glossary-tree 2020/03/19 v4.46 (NLCT)
\glstreeindent=\skip71
)) (D:\Programma's\MikTEX\tex/latex/eurosym\eurosym.sty
Package: eurosym 1998/08/06 v1.1 European currency symbol ``Euro''
\@eurobox=\box62
) (D:\Programma's\MikTEX\tex/latex/graphics\graphicx.sty
Package: graphicx 2019/11/30 v1.2a Enhanced LaTeX Graphics (DPC,SPQR)
 (D:\Programma's\MikTEX\tex/latex/graphics\graphics.sty
Package: graphics 2019/11/30 v1.4a Standard LaTeX Graphics (DPC,SPQR)
 (D:\Programma's\MikTEX\tex/latex/graphics\trig.sty
Package: trig 2016/01/03 v1.10 sin cos tan (DPC)
) (D:\Programma's\MikTEX\tex/latex/graphics-cfg\graphics.cfg
File: graphics.cfg 2016/06/04 v1.11 sample graphics configuration
)
Package graphics Info: Driver file: pdftex.def on input line 105.
 (D:\Programma's\MikTEX\tex/latex/graphics-def\pdftex.def
File: pdftex.def 2018/01/08 v1.0l Graphics/color driver for pdftex
))
\Gin@req@height=\dimen173
\Gin@req@width=\dimen174
) (D:\Programma's\MikTEX\tex/latex/svg\svg.sty
Package: svg 2020/01/13 v2.02e (include SVG pictures)
 (D:\Programma's\MikTEX\tex/latex/koma-script\scrbase.sty
Package: scrbase 2020/04/19 v3.30 KOMA-Script package (KOMA-Script-independent basics and keyval usage)
 (D:\Programma's\MikTEX\tex/latex/koma-script\scrlfile.sty
Package: scrlfile 2020/04/19 v3.30 KOMA-Script package (loading files)
)) (D:\Programma's\MikTEX\tex/latex/tools\shellesc.sty
Package: shellesc 2019/11/08 v1.0c unified shell escape interface for LaTeX
Package shellesc Info: Restricted shell escape enabled on input line 77.
) (D:\Programma's\MikTEX\tex/latex/trimspaces\trimspaces.sty
Package: trimspaces 2009/09/17 v1.1 Trim spaces around a token list
)
\svg@box=\box63
\c@svg@param@lastpage=\count313
\c@svg@param@currpage=\count314
) (D:\Programma's\MikTEX\tex/latex/xcolor\xcolor.sty
Package: xcolor 2016/05/11 v2.12 LaTeX color extensions (UK)
 (D:\Programma's\MikTEX\tex/latex/graphics-cfg\color.cfg
File: color.cfg 2016/01/02 v1.6 sample color configuration
)
Package xcolor Info: Driver file: pdftex.def on input line 225.
Package xcolor Info: Model `cmy' substituted by `cmy0' on input line 1348.
Package xcolor Info: Model `hsb' substituted by `rgb' on input line 1352.
Package xcolor Info: Model `RGB' extended on input line 1364.
Package xcolor Info: Model `HTML' substituted by `rgb' on input line 1366.
Package xcolor Info: Model `Hsb' substituted by `hsb' on input line 1367.
Package xcolor Info: Model `tHsb' substituted by `hsb' on input line 1368.
Package xcolor Info: Model `HSB' substituted by `hsb' on input line 1369.
Package xcolor Info: Model `Gray' substituted by `gray' on input line 1370.
Package xcolor Info: Model `wave' substituted by `hsb' on input line 1371.
) (D:\Programma's\MikTEX\tex/latex/transparent\transparent.sty
Package: transparent 2019/11/29 v1.4 Transparency via pdfTeX's color stack (HO)
) (D:\Programma's\MikTEX\tex/latex/pdfpages\pdfpages.sty
Package: pdfpages 2020/01/28 v0.5q Insert pages of external PDF documents (AM)
 (D:\Programma's\MikTEX\tex/latex/tools\calc.sty
Package: calc 2017/05/25 v4.3 Infix arithmetic (KKT,FJ)
\calc@Acount=\count315
\calc@Bcount=\count316
\calc@Adimen=\dimen175
\calc@Bdimen=\dimen176
\calc@Askip=\skip72
\calc@Bskip=\skip73
LaTeX Info: Redefining \setlength on input line 80.
LaTeX Info: Redefining \addtolength on input line 81.
\calc@Ccount=\count317
\calc@Cskip=\skip74
) (D:\Programma's\MikTEX\tex/latex/eso-pic\eso-pic.sty
Package: eso-pic 2018/04/12 v2.0h eso-pic (RN)
)
\AM@pagewidth=\dimen177
\AM@pageheight=\dimen178
 (D:\Programma's\MikTEX\tex/latex/pdfpages\pppdftex.def
File: pppdftex.def 2020/01/28 v0.5q Pdfpages driver for pdfTeX (AM)
)
\AM@pagebox=\box64
\AM@global@opts=\toks33
\AM@pagecnt=\count318
\AM@toc@title=\toks34
\c@AM@survey=\count319
\AM@templatesizebox=\box65
) (D:\Programma's\MikTEX\tex/latex/natbib\natbib.sty
Package: natbib 2010/09/13 8.31b (PWD, AO)
\bibhang=\skip75
\bibsep=\skip76
LaTeX Info: Redefining \cite on input line 694.
\c@NAT@ctr=\count320
) (D:\Programma's\MikTEX\tex/latex/tools\tabularx.sty
Package: tabularx 2020/01/15 v2.11c `tabularx' package (DPC)
\TX@col@width=\dimen179
\TX@old@table=\dimen180
\TX@old@col=\dimen181
\TX@target=\dimen182
\TX@delta=\dimen183
\TX@cols=\count321
\TX@ftn=\toks35
) (D:\Programma's\MikTEX\tex/latex/caption\caption.sty
Package: caption 2020/01/03 v3.4h Customizing captions (AR)
 (D:\Programma's\MikTEX\tex/latex/caption\caption3.sty
Package: caption3 2020/01/03 v1.8h caption3 kernel (AR)
Package caption3 Info: TeX engine: e-TeX on input line 61.
\captionmargin=\dimen184
\captionmargin@=\dimen185
\captionwidth=\dimen186
\caption@tempdima=\dimen187
\caption@indent=\dimen188
\caption@parindent=\dimen189
\caption@hangindent=\dimen190
Package caption Info: Standard document class detected.
)
\c@caption@flags=\count322
\c@continuedfloat=\count323
Package caption Info: hyperref package is loaded.
Package caption Info: longtable package is loaded.
 (D:\Programma's\MikTEX\tex/latex/caption\ltcaption.sty
Package: ltcaption 2018/08/26 v1.4a longtable captions (AR)
)
Package caption Info: supertabular package is loaded.
) (D:\Programma's\MikTEX\tex/latex/colortbl\colortbl.sty
Package: colortbl 2020/01/04 v1.0e Color table columns (DPC)
\everycr=\toks36
\minrowclearance=\skip77
) (D:\Programma's\MikTEX\tex/latex/titlesec\titlesec.sty
Package: titlesec 2019/10/16 v2.13 Sectioning titles
\ttl@box=\box66
\beforetitleunit=\skip78
\aftertitleunit=\skip79
\ttl@plus=\dimen191
\ttl@minus=\dimen192
\ttl@toksa=\toks37
\titlewidth=\dimen193
\titlewidthlast=\dimen194
\titlewidthfirst=\dimen195
) (D:\Programma's\MikTEX\tex/latex/float\float.sty
Package: float 2001/11/08 v1.3d Float enhancements (AL)
\c@float@type=\count324
\float@exts=\toks38
\float@box=\box67
\@float@everytoks=\toks39
\@floatcapt=\box68
) (c:/Users\Arthur\Documents\GitHub\cosy_cafeteria\Report\Report.aux)
\openout1 = `Report.aux'.

LaTeX Font Info:    Checking defaults for OML/cmm/m/it on input line 32.
LaTeX Font Info:    ... okay on input line 32.
LaTeX Font Info:    Checking defaults for OMS/cmsy/m/n on input line 32.
LaTeX Font Info:    ... okay on input line 32.
LaTeX Font Info:    Checking defaults for OT1/cmr/m/n on input line 32.
LaTeX Font Info:    ... okay on input line 32.
LaTeX Font Info:    Checking defaults for T1/cmr/m/n on input line 32.
LaTeX Font Info:    ... okay on input line 32.
LaTeX Font Info:    Checking defaults for TS1/cmr/m/n on input line 32.
LaTeX Font Info:    ... okay on input line 32.
LaTeX Font Info:    Checking defaults for OMX/cmex/m/n on input line 32.
LaTeX Font Info:    ... okay on input line 32.
LaTeX Font Info:    Checking defaults for U/cmr/m/n on input line 32.
LaTeX Font Info:    ... okay on input line 32.
LaTeX Font Info:    Checking defaults for PD1/pdf/m/n on input line 32.
LaTeX Font Info:    ... okay on input line 32.
 (D:\Programma's\MikTEX\tex/latex/translator\translator-basic-dictionary-English.dict
Dictionary: translator-basic-dictionary, Language: English 
) (D:\Programma's\MikTEX\tex/latex/siunitx\siunitx-abbreviations.cfg
File: siunitx-abbreviations.cfg 2017/11/26 v2.7k siunitx: Abbreviated units
)
\AtBeginShipoutBox=\box69
Package hyperref Info: Link coloring OFF on input line 32.
 (D:\Programma's\MikTEX\tex/latex/hyperref\nameref.sty
Package: nameref 2019/09/16 v2.46 Cross-referencing by name of section
 (D:\Programma's\MikTEX\tex/latex/refcount\refcount.sty
Package: refcount 2019/12/15 v3.6 Data extraction from label references (HO)
) (D:\Programma's\MikTEX\tex/generic/gettitlestring\gettitlestring.sty
Package: gettitlestring 2019/12/15 v1.6 Cleanup title references (HO)
)
\c@section@level=\count325
)
LaTeX Info: Redefining \ref on input line 32.
LaTeX Info: Redefining \pageref on input line 32.
LaTeX Info: Redefining \nameref on input line 32.
 (c:/Users\Arthur\Documents\GitHub\cosy_cafeteria\Report\Report.out) (c:/Users\Arthur\Documents\GitHub\cosy_cafeteria\Report\Report.out)
\@outlinefile=\write3
\openout3 = `Report.out'.

 (D:\Programma's\MikTEX\tex/context/base/mkii\supp-pdf.mkii
[Loading MPS to PDF converter (version 2006.09.02).]
\scratchcounter=\count326
\scratchdimen=\dimen196
\scratchbox=\box70
\nofMPsegments=\count327
\nofMParguments=\count328
\everyMPshowfont=\toks40
\MPscratchCnt=\count329
\MPscratchDim=\dimen197
\MPnumerator=\count330
\makeMPintoPDFobject=\count331
\everyMPtoPDFconversion=\toks41
) (D:\Programma's\MikTEX\tex/latex/epstopdf-pkg\epstopdf-base.sty
Package: epstopdf-base 2020-01-24 v2.11 Base part for package epstopdf
Package epstopdf-base Info: Redefining graphics rule for `.eps' on input line 485.
) (D:\Programma's\MikTEX\tex/latex/pdflscape\pdflscape.sty
Package: pdflscape 2019/12/05 v0.12 Display of landscape pages in PDF (HO)
 (D:\Programma's\MikTEX\tex/latex/graphics\lscape.sty
Package: lscape 2000/10/22 v3.01 Landscape Pages (DPC)
)
Package pdflscape Info: Auto-detected driver: pdftex on input line 81.
)
Package caption Info: Begin \AtBeginDocument code.
Package caption Info: float package is loaded.
Package caption Info: End \AtBeginDocument code.
 [1

{C:/Users/Arthur/AppData/Local/MiKTeX/2.9/pdftex/config/pdftex.map}] (c:/Users\Arthur\Documents\GitHub\cosy_cafeteria\Report\Report.toc [2])
\tf@toc=\write4
\openout4 = `Report.toc'.

 [3]
<fig/situation.pdf, id=260, 467.82779pt x 147.67169pt>
File: fig/situation.pdf Graphic file (type pdf)
<use fig/situation.pdf>
Package pdftex.def Info: fig/situation.pdf  used on input line 48.
(pdftex.def)             Requested size: 360.0pt x 113.6377pt.
 [4 <c:/Users/Arthur/Documents/GitHub/cosy_cafeteria/Report/fig/situation.pdf

pdfTeX warning: pdflatex (file c:/Users/Arthur/Documents/GitHub/cosy_cafeteria/Report/fig/situation.pdf): PDF inclusion: invalid other resource which is no dict (key 'ProcSets', type <array>); ignored.
>]
<fig/architecture.pdf, id=288, 395.55779pt x 363.27718pt>
File: fig/architecture.pdf Graphic file (type pdf)
<use fig/architecture.pdf>
Package pdftex.def Info: fig/architecture.pdf  used on input line 91.
(pdftex.def)             Requested size: 360.0pt x 330.63818pt.
 [5]
Underfull \hbox (badness 10000) in paragraph at lines 101--106

 []


Underfull \hbox (badness 10000) in paragraph at lines 101--106

 []

[6 <c:/Users/Arthur/Documents/GitHub/cosy_cafeteria/Report/fig/architecture.pdf

pdfTeX warning: pdflatex (file c:/Users/Arthur/Documents/GitHub/cosy_cafeteria/Report/fig/architecture.pdf): PDF inclusion: invalid other resource which is no dict (key 'ProcSets', type <array>); ignored.
>] [7]

Package natbib Warning: Citation `LiIonVsLi-Po_Ovonic' on page 8 undefined on input line 136.


Package natbib Warning: Citation `Li-Po_Wiki' on page 8 undefined on input line 136.

[8]
<fig/reverse_polarity_protection_simulation.png, id=368, 506.6428pt x 381.67593pt>
File: fig/reverse_polarity_protection_simulation.png Graphic file (type png)
<use fig/reverse_polarity_protection_simulation.png>
Package pdftex.def Info: fig/reverse_polarity_protection_simulation.png  used on input line 167.
(pdftex.def)             Requested size: 288.0011pt x 216.96933pt.
 [9]
Package epstopdf Info: Source file: <fig/Transient_response_negative_input_pulse.eps>
(epstopdf)                    date: 2020-04-30 01:40:40
(epstopdf)                    size: 23604 bytes
(epstopdf)             Output file: <fig/Transient_response_negative_input_pulse-eps-converted-to.pdf>
(epstopdf)                    date: 2020-04-30 01:40:40
(epstopdf)                    size: 13166 bytes
(epstopdf)             Command: <epstopdf --outfile=fig/Transient_response_negative_input_pulse-eps-converted-to.pdf fig/Transient_response_negative_input_pulse.eps>
(epstopdf)             \includegraphics on input line 174.
Package epstopdf Info: Output file is already uptodate.


pdfTeX warning: pdflatex (file c:/Users/Arthur/Documents/GitHub/cosy_cafeteria/Report/fig/Transient_response_negative_input_pulse-eps-converted-to.pdf): PDF inclusion: found PDF version <1.7>, but at most version <1.5> allowed
<fig/Transient_response_negative_input_pulse-eps-converted-to.pdf, id=377, 462.72874pt x 346.29375pt>
File: fig/Transient_response_negative_input_pulse-eps-converted-to.pdf Graphic file (type pdf)
<use fig/Transient_response_negative_input_pulse-eps-converted-to.pdf>
Package pdftex.def Info: fig/Transient_response_negative_input_pulse-eps-converted-to.pdf  used on input line 174.
(pdftex.def)             Requested size: 288.0011pt x 215.53477pt.
Package epstopdf Info: Source file: <fig/Transient_response_positive_input_pulse.eps>
(epstopdf)                    date: 2020-04-30 01:40:40
(epstopdf)                    size: 23827 bytes
(epstopdf)             Output file: <fig/Transient_response_positive_input_pulse-eps-converted-to.pdf>
(epstopdf)                    date: 2020-04-30 01:40:40
(epstopdf)                    size: 12718 bytes
(epstopdf)             Command: <epstopdf --outfile=fig/Transient_response_positive_input_pulse-eps-converted-to.pdf fig/Transient_response_positive_input_pulse.eps>
(epstopdf)             \includegraphics on input line 181.
Package epstopdf Info: Output file is already uptodate.


pdfTeX warning: pdflatex (file c:/Users/Arthur/Documents/GitHub/cosy_cafeteria/Report/fig/Transient_response_positive_input_pulse-eps-converted-to.pdf): PDF inclusion: found PDF version <1.7>, but at most version <1.5> allowed
<fig/Transient_response_positive_input_pulse-eps-converted-to.pdf, id=380, 462.72874pt x 346.29375pt>
File: fig/Transient_response_positive_input_pulse-eps-converted-to.pdf Graphic file (type pdf)
<use fig/Transient_response_positive_input_pulse-eps-converted-to.pdf>
Package pdftex.def Info: fig/Transient_response_positive_input_pulse-eps-converted-to.pdf  used on input line 181.
(pdftex.def)             Requested size: 288.0011pt x 215.53477pt.
[10 <c:/Users/Arthur/Documents/GitHub/cosy_cafeteria/Report/fig/reverse_polarity_protection_simulation.png> <c:/Users/Arthur/Documents/GitHub/cosy_cafeteria/Report/fig/Transient_response_negative_input_pulse-eps-converted-to.pdf>]
<fig/reverse_polarity_protection.png, id=421, 622.57594pt x 422.32782pt>
File: fig/reverse_polarity_protection.png Graphic file (type png)
<use fig/reverse_polarity_protection.png>
Package pdftex.def Info: fig/reverse_polarity_protection.png  used on input line 190.
(pdftex.def)             Requested size: 288.0011pt x 195.36867pt.
 [11 <c:/Users/Arthur/Documents/GitHub/cosy_cafeteria/Report/fig/Transient_response_positive_input_pulse-eps-converted-to.pdf>]
<fig/microUSBinput.png, id=458, 484.81125pt x 331.99031pt>
File: fig/microUSBinput.png Graphic file (type png)
<use fig/microUSBinput.png>
Package pdftex.def Info: fig/microUSBinput.png  used on input line 199.
(pdftex.def)             Requested size: 288.0011pt x 197.22513pt.
 [12 <c:/Users/Arthur/Documents/GitHub/cosy_cafeteria/Report/fig/reverse_polarity_protection.png> <c:/Users/Arthur/Documents/GitHub/cosy_cafeteria/Report/fig/microUSBinput.png>]
<fig/bq24075_toegepast.png, id=473, 468.24937pt x 300.3722pt>
File: fig/bq24075_toegepast.png Graphic file (type png)
<use fig/bq24075_toegepast.png>
Package pdftex.def Info: fig/bq24075_toegepast.png  used on input line 214.
(pdftex.def)             Requested size: 323.9978pt x 207.84827pt.
 [13]
<fig/Charge_cycle.png, id=486, 572.1375pt x 425.33907pt>
File: fig/Charge_cycle.png Graphic file (type png)
<use fig/Charge_cycle.png>
Package pdftex.def Info: fig/Charge_cycle.png  used on input line 229.
(pdftex.def)             Requested size: 360.0pt x 267.63402pt.
 [14 <c:/Users/Arthur/Documents/GitHub/cosy_cafeteria/Report/fig/bq24075_toegepast.png>]

Package hyperref Warning: Token not allowed in a PDF string (PDFDocEncoding):
(hyperref)                removing `math shift' on input line 235.


Package hyperref Warning: Token not allowed in a PDF string (PDFDocEncoding):
(hyperref)                removing `subscript' on input line 235.


Package hyperref Warning: Token not allowed in a PDF string (PDFDocEncoding):
(hyperref)                removing `math shift' on input line 235.


Overfull \hbox (3.56659pt too wide) in paragraph at lines 246--254
[][] 
 []

[15 <c:/Users/Arthur/Documents/GitHub/cosy_cafeteria/Report/fig/Charge_cycle.png>] [16]

Package hyperref Warning: Token not allowed in a PDF string (PDFDocEncoding):
(hyperref)                removing `math shift' on input line 288.


Package hyperref Warning: Token not allowed in a PDF string (PDFDocEncoding):
(hyperref)                removing `subscript' on input line 288.


Package hyperref Warning: Token not allowed in a PDF string (PDFDocEncoding):
(hyperref)                removing `math shift' on input line 288.

[17]
Overfull \hbox (1.7865pt too wide) in paragraph at lines 325--327
\OT1/cmr/m/n/10.95 discharge de-tec-tion thresh-old volt-age $\OML/cmm/m/it/10.95 V[]$ \OT1/cmr/m/n/10.95 dur-ing dis-charge, the safety
 []

[18]
Overfull \hbox (1.66985pt too wide) in paragraph at lines 329--330
[]\OT1/cmr/bx/n/10.95 Load short-circuit de-tec-tion (SCD): \OT1/cmr/m/n/10.95 Sim-i-lar to over-cur-rent thresh-
 []

<fig/bq29700_principeschema.png, id=550, 843.15pt x 372.64218pt>
File: fig/bq29700_principeschema.png Graphic file (type png)
<use fig/bq29700_principeschema.png>
Package pdftex.def Info: fig/bq29700_principeschema.png  used on input line 346.
(pdftex.def)             Requested size: 323.9978pt x 143.19759pt.
<fig/bq29700_toegepast.png, id=558, 511.15968pt x 337.26pt>
File: fig/bq29700_toegepast.png Graphic file (type png)
<use fig/bq29700_toegepast.png>
Package pdftex.def Info: fig/bq29700_toegepast.png  used on input line 358.
(pdftex.def)             Requested size: 323.9978pt x 213.77174pt.

Underfull \hbox (badness 10000) in paragraph at lines 352--361

 []

[19 <c:/Users/Arthur/Documents/GitHub/cosy_cafeteria/Report/fig/bq29700_principeschema.png>] [20 <c:/Users/Arthur/Documents/GitHub/cosy_cafeteria/Report/fig/bq29700_toegepast.png>]
Overfull \hbox (1.23529pt too wide) in paragraph at lines 369--370
[]\OT1/cmr/m/n/10.95 At least 500 mA max-i-mum out-put cur-rent $\OML/cmm/m/it/10.95 I[]$ \OT1/cmr/m/n/10.95 needed for ESP32
 []

<fig/TLV75533_toegepast.png, id=581, 576.65437pt x 282.30469pt>
File: fig/TLV75533_toegepast.png Graphic file (type png)
<use fig/TLV75533_toegepast.png>
Package pdftex.def Info: fig/TLV75533_toegepast.png  used on input line 387.
(pdftex.def)             Requested size: 323.9978pt x 158.61937pt.

Underfull \hbox (badness 10000) in paragraph at lines 380--390

 []


Underfull \hbox (badness 10000) in paragraph at lines 380--390

 []

[21] [22 <c:/Users/Arthur/Documents/GitHub/cosy_cafeteria/Report/fig/TLV75533_toegepast.png>]
<fig/TPS22919_toegepast.png, id=611, 338.01282pt x 423.83344pt>
File: fig/TPS22919_toegepast.png Graphic file (type png)
<use fig/TPS22919_toegepast.png>
Package pdftex.def Info: fig/TPS22919_toegepast.png  used on input line 424.
(pdftex.def)             Requested size: 288.0011pt x 361.13318pt.

Underfull \hbox (badness 10000) in paragraph at lines 419--427

 []

[23]
<fig/ESP32_toegepast.png, id=620, 561.59813pt x 439.6425pt>
File: fig/ESP32_toegepast.png Graphic file (type png)
<use fig/ESP32_toegepast.png>
Package pdftex.def Info: fig/ESP32_toegepast.png  used on input line 433.
(pdftex.def)             Requested size: 360.0pt x 281.81969pt.
 [24 <c:/Users/Arthur/Documents/GitHub/cosy_cafeteria/Report/fig/TPS22919_toegepast.png>] [25 <c:/Users/Arthur/Documents/GitHub/cosy_cafeteria/Report/fig/ESP32_toegepast.png>]
Underfull \hbox (badness 10000) in paragraph at lines 452--461

 []


Underfull \hbox (badness 10000) in paragraph at lines 452--461

 []


Underfull \hbox (badness 10000) in paragraph at lines 452--461

 []


Underfull \hbox (badness 10000) in paragraph at lines 452--461

 []

[26]
Underfull \hbox (badness 10000) in paragraph at lines 479--496

 []


Underfull \hbox (badness 10000) in paragraph at lines 479--496

 []


Underfull \hbox (badness 10000) in paragraph at lines 479--496

 []


Underfull \hbox (badness 10000) in paragraph at lines 479--496

 []


Underfull \hbox (badness 10000) in paragraph at lines 479--496

 []


Underfull \hbox (badness 10000) in paragraph at lines 479--496

 []


Underfull \hbox (badness 10000) in paragraph at lines 479--496

 []


Underfull \hbox (badness 10000) in paragraph at lines 479--496

 []

[27]
Underfull \hbox (badness 10000) in paragraph at lines 499--504

 []


Underfull \hbox (badness 10000) in paragraph at lines 499--504

 []

[28] [29]
Underfull \hbox (badness 10000) in paragraph at lines 515--520

 []


Underfull \hbox (badness 10000) in paragraph at lines 515--520

 []


Underfull \hbox (badness 10000) in paragraph at lines 530--533

 []

[30]
Underfull \hbox (badness 10000) in paragraph at lines 538--548

 []


Underfull \hbox (badness 10000) in paragraph at lines 538--548

 []


Underfull \hbox (badness 10000) in paragraph at lines 538--548

 []


Underfull \hbox (badness 10000) in paragraph at lines 538--548

 []

[31]
<fig/wifi_pwr.pdf, id=660, 450.63155pt x 327.1472pt>
File: fig/wifi_pwr.pdf Graphic file (type pdf)
<use fig/wifi_pwr.pdf>
Package pdftex.def Info: fig/wifi_pwr.pdf  used on input line 561.
(pdftex.def)             Requested size: 360.0pt x 261.3537pt.
 [32] [33 <c:/Users/Arthur/Documents/GitHub/cosy_cafeteria/Report/fig/wifi_pwr.pdf>]
<fig/statendiagram.pdf, id=701, 467.82779pt x 396.52138pt>
File: fig/statendiagram.pdf Graphic file (type pdf)
<use fig/statendiagram.pdf>
Package pdftex.def Info: fig/statendiagram.pdf  used on input line 585.
(pdftex.def)             Requested size: 360.0pt x 305.13483pt.
 [34 <c:/Users/Arthur/Documents/GitHub/cosy_cafeteria/Report/fig/statendiagram.pdf

pdfTeX warning: pdflatex (file c:/Users/Arthur/Documents/GitHub/cosy_cafeteria/Report/fig/statendiagram.pdf): PDF inclusion: invalid other resource which is no dict (key 'ProcSets', type <array>); ignored.
>] [35]
File: fig/wifi_pwr.pdf Graphic file (type pdf)
<use fig/wifi_pwr.pdf>
Package pdftex.def Info: fig/wifi_pwr.pdf  used on input line 623.
(pdftex.def)             Requested size: 360.0pt x 261.3537pt.
 [36]
<fig/sensor_pwr.pdf, id=730, 450.63155pt x 327.1472pt>
File: fig/sensor_pwr.pdf Graphic file (type pdf)
<use fig/sensor_pwr.pdf>
Package pdftex.def Info: fig/sensor_pwr.pdf  used on input line 637.
(pdftex.def)             Requested size: 360.0pt x 261.3537pt.
 [37]
<fig/sync_pwr.pdf, id=739, 450.63155pt x 327.1472pt>
File: fig/sync_pwr.pdf Graphic file (type pdf)
<use fig/sync_pwr.pdf>
Package pdftex.def Info: fig/sync_pwr.pdf  used on input line 652.
(pdftex.def)             Requested size: 360.0pt x 261.3537pt.
 [38 <c:/Users/Arthur/Documents/GitHub/cosy_cafeteria/Report/fig/sensor_pwr.pdf>] [39 <c:/Users/Arthur/Documents/GitHub/cosy_cafeteria/Report/fig/sync_pwr.pdf>] [40] [41]
<fig/databaseDesign.png, id=815, 504.38437pt x 244.66406pt>
File: fig/databaseDesign.png Graphic file (type png)
<use fig/databaseDesign.png>
Package pdftex.def Info: fig/databaseDesign.png  used on input line 755.
(pdftex.def)             Requested size: 360.0pt x 174.62733pt.
 [42 <c:/Users/Arthur/Documents/GitHub/cosy_cafeteria/Report/fig/databaseDesign.png>] [43] (c:/Users\Arthur\Documents\GitHub\cosy_cafeteria\Report\Report.bbl
Underfull \hbox (badness 4303) in paragraph at lines 29--31
[]\OT1/cmr/m/n/10.95 Wikipedia, ``Lithium-ion bat-tery,'' []$https : / / en . wikipedia . org / wiki /
 []


Underfull \hbox (badness 1418) in paragraph at lines 57--60
[]\OT1/cmr/m/n/10.95 B. SCHWE-BER, ``Both switch-ers and ldos have their place in
 []


Underfull \hbox (badness 10000) in paragraph at lines 62--65
[]\OT1/cmr/m/n/10.95 ``Low qui-es-cent ldo vs. buck con-verter: Which
 []


Underfull \hbox (badness 10000) in paragraph at lines 62--65
\OT1/cmr/m/n/10.95 is bet-ter for low power ap-pli-ca-tions?'' []$https :
 []


Underfull \hbox (badness 10000) in paragraph at lines 62--65
\OT1/cmr/m/n/10.95 / / electronics . stackexchange . com / questions / 454521 /
 []


Overfull \hbox (45.46236pt too wide) in paragraph at lines 62--65
\OT1/cmr/m/n/10.95 low-[]quiescent-[]ldo-[]vs-[]buck-[]converter-[]which-[]is-[]better-[]for-[]low-[]power-[]applications$[]. 
 []


Underfull \hbox (badness 10000) in paragraph at lines 71--73
[]\OT1/cmr/m/n/10.95 L. Fren-zel, ``7 good rea-sons why you should
 []


Underfull \hbox (badness 10000) in paragraph at lines 71--73
\OT1/cmr/m/n/10.95 use in-te-grated load switches,'' []$https : / / www .
 []


Underfull \hbox (badness 10000) in paragraph at lines 71--73
\OT1/cmr/m/n/10.95 electronicdesign . com / power-[]management / article / 21805596 /
 []

) [44]
<fig/MainPCB_schematic.pdf, id=846, 845.1575pt x 598.235pt>
File: fig/MainPCB_schematic.pdf Graphic file (type pdf)
<use fig/MainPCB_schematic.pdf>
Package pdftex.def Info: fig/MainPCB_schematic.pdf  used on input line 788.
(pdftex.def)             Requested size: 845.15544pt x 598.23354pt.
File: fig/MainPCB_schematic.pdf Graphic file (type pdf)
<use fig/MainPCB_schematic.pdf>
Package pdftex.def Info: fig/MainPCB_schematic.pdf  used on input line 788.
(pdftex.def)             Requested size: 845.15544pt x 598.23354pt.
<fig/MainPCB_schematic.pdf, id=849, page=1, 845.1575pt x 598.235pt>
File: fig/MainPCB_schematic.pdf Graphic file (type pdf)
<use fig/MainPCB_schematic.pdf, page 1>
Package pdftex.def Info: fig/MainPCB_schematic.pdf , page1 used on input line 788.
(pdftex.def)             Requested size: 845.15544pt x 598.23354pt.
File: fig/MainPCB_schematic.pdf Graphic file (type pdf)
<use fig/MainPCB_schematic.pdf, page 1>
Package pdftex.def Info: fig/MainPCB_schematic.pdf , page1 used on input line 788.
(pdftex.def)             Requested size: 597.61578pt x 423.01544pt.
 [45]
File: fig/MainPCB_schematic.pdf Graphic file (type pdf)
<use fig/MainPCB_schematic.pdf, page 1>
Package pdftex.def Info: fig/MainPCB_schematic.pdf , page1 used on input line 788.
(pdftex.def)             Requested size: 597.61578pt x 423.01544pt.
File: fig/MainPCB_schematic.pdf Graphic file (type pdf)
<use fig/MainPCB_schematic.pdf, page 1>
Package pdftex.def Info: fig/MainPCB_schematic.pdf , page1 used on input line 788.
(pdftex.def)             Requested size: 597.61578pt x 423.01544pt.
File: fig/MainPCB_schematic.pdf Graphic file (type pdf)
<use fig/MainPCB_schematic.pdf, page 1>
Package pdftex.def Info: fig/MainPCB_schematic.pdf , page1 used on input line 788.
(pdftex.def)             Requested size: 597.61578pt x 423.01544pt.
 [46 <c:/Users/Arthur/Documents/GitHub/cosy_cafeteria/Report/fig/MainPCB_schematic.pdf>]
<fig/MainPCB_schematic.pdf, id=863, page=2, 845.1575pt x 598.235pt>
File: fig/MainPCB_schematic.pdf Graphic file (type pdf)
<use fig/MainPCB_schematic.pdf, page 2>
Package pdftex.def Info: fig/MainPCB_schematic.pdf , page2 used on input line 788.
(pdftex.def)             Requested size: 597.61578pt x 423.01544pt.
File: fig/MainPCB_schematic.pdf Graphic file (type pdf)
<use fig/MainPCB_schematic.pdf, page 2>
Package pdftex.def Info: fig/MainPCB_schematic.pdf , page2 used on input line 788.
(pdftex.def)             Requested size: 597.61578pt x 423.01544pt.
File: fig/MainPCB_schematic.pdf Graphic file (type pdf)
<use fig/MainPCB_schematic.pdf, page 2>
Package pdftex.def Info: fig/MainPCB_schematic.pdf , page2 used on input line 788.
(pdftex.def)             Requested size: 597.61578pt x 423.01544pt.
 [47 <c:/Users/Arthur/Documents/GitHub/cosy_cafeteria/Report/fig/MainPCB_schematic.pdf>]

Package natbib Warning: There were undefined citations.

Package atveryend Info: Empty hook `BeforeClearDocument' on input line 792.
Package atveryend Info: Empty hook `AfterLastShipout' on input line 792.
(c:/Users\Arthur\Documents\GitHub\cosy_cafeteria\Report\Report.aux)
Package atveryend Info: Executing hook `AtVeryEndDocument' on input line 792.
Package atveryend Info: Executing hook `AtEndAfterFileList' on input line 792.
Package rerunfilecheck Info: File `Report.out' has not changed.
(rerunfilecheck)             Checksum: 129A4CDF7D3FD3F8FF328DB0E69F5102;3176.
Package atveryend Info: Empty hook `AtVeryVeryEnd' on input line 792.
 ) 
Here is how much of TeX's memory you used:
 19003 strings out of 480932
 351777 string characters out of 2912487
 689844 words of memory out of 3000000
 34339 multiletter control sequences out of 15000+200000
 545720 words of font info for 72 fonts, out of 3000000 for 9000
 1141 hyphenation exceptions out of 8191
 57i,18n,106p,1351b,889s stack positions out of 5000i,500n,10000p,200000b,50000s
 <C:\Users\Arthur\AppData\Local\MiKTeX\2.9\fonts/pk/ljfour/jknappen/ec/dpi600\tcrm0900.pk> <C:\Users\Arthur\AppData\Local\MiKTeX\2.9\fonts/pk/ljfour/jknappen/ec/dpi600\tcrm1095.pk><D:/Programma's/MikTEX/fonts/type1/public/amsfonts/cm/cmbx10.pfb><D:/Programma's/MikTEX/fonts/type1/public/amsfonts/cm/cmbx12.pfb><D:/Programma's/MikTEX/fonts/type1/public/amsfonts/cm/cmbxti10.pfb><D:/Programma's/MikTEX/fonts/type1/public/amsfonts/cm/cmmi10.pfb><D:/Programma's/MikTEX/fonts/type1/public/amsfonts/cm/cmmi6.pfb><D:/Programma's/MikTEX/fonts/type1/public/amsfonts/cm/cmmi8.pfb><D:/Programma's/MikTEX/fonts/type1/public/amsfonts/cm/cmmi9.pfb><D:/Programma's/MikTEX/fonts/type1/public/amsfonts/cm/cmr10.pfb><D:/Programma's/MikTEX/fonts/type1/public/amsfonts/cm/cmr12.pfb><D:/Programma's/MikTEX/fonts/type1/public/amsfonts/cm/cmr17.pfb><D:/Programma's/MikTEX/fonts/type1/public/amsfonts/cm/cmr6.pfb><D:/Programma's/MikTEX/fonts/type1/public/amsfonts/cm/cmr8.pfb><D:/Programma's/MikTEX/fonts/type1/public/amsfonts/cm/cmr9.pfb><D:/Programma's/MikTEX/fonts/type1/public/amsfonts/cm/cmsy10.pfb><D:/Programma's/MikTEX/fonts/type1/public/amsfonts/cm/cmsy8.pfb><D:/Programma's/MikTEX/fonts/type1/public/amsfonts/cm/cmti10.pfb><D:/Programma's/MikTEX/fonts/type1/public/amsfonts/cm/cmtt10.pfb><D:/Programma's/MikTEX/fonts/type1/public/amsfonts/cm/cmtt9.pfb><D:/Programma's/MikTEX/fonts/type1/public/eurosym/feymr10.pfb>
Output written on c:/Users\Arthur\Documents\GitHub\cosy_cafeteria\Report\Report.pdf (47 pages, 1032689 bytes).
PDF statistics:
 973 PDF objects out of 1000 (max. 8388607)
 170 named destinations out of 1000 (max. 500000)
 497 words of extra memory for PDF output out of 10000 (max. 10000000)

